# JRE version: Java(TM) SE Runtime Environment (8.0_261-b12) (build 1.8.0_261-b12)
# Java VM: Java HotSpot(TM) 64-Bit Server VM (25.261-b12 mixed mode windows-amd64 compressed oops)
Heap:
 PSYoungGen      total 455680K, used 103324K [0x00000000d5580000, 0x00000000f5e00000, 0x0000000100000000)
  eden space 425472K, 19% used [0x00000000d5580000,0x00000000da7cf540,0x00000000ef500000)
  from space 30208K, 63% used [0x00000000ef500000,0x00000000f0797b08,0x00000000f1280000)
  to   space 30720K, 0% used [0x00000000f4000000,0x00000000f4000000,0x00000000f5e00000)
 ParOldGen       total 163328K, used 63198K [0x0000000080000000, 0x0000000089f80000, 0x00000000d5580000)
  object space 163328K, 38% used [0x0000000080000000,0x0000000083db7bb8,0x0000000089f80000)
 Metaspace       used 110146K, capacity 116708K, committed 117056K, reserved 1150976K
  class space    used 14637K, capacity 15896K, committed 16000K, reserved 1048576K
GC Heap History (10 events):
Event: 983.819 GC heap before
{Heap before GC invocations=19 (full 3):
 PSYoungGen      total 323584K, used 144984K [0x00000000d5580000, 0x00000000ef380000, 0x0000000100000000)
  eden space 300544K, 43% used [0x00000000d5580000,0x00000000dd66d788,0x00000000e7b00000)
  from space 23040K, 56% used [0x00000000e7b00000,0x00000000e87a8880,0x00000000e9180000)
  to   space 22528K, 0% used [0x00000000edd80000,0x00000000edd80000,0x00000000ef380000)
 ParOldGen       total 106496K, used 53905K [0x0000000080000000, 0x0000000086800000, 0x00000000d5580000)
  object space 106496K, 50% used [0x0000000080000000,0x00000000834a46b0,0x0000000086800000)
 Metaspace       used 93997K, capacity 98370K, committed 98496K, reserved 1134592K
  class space    used 12593K, capacity 13537K, committed 13568K, reserved 1048576K
Event: 983.848 GC heap after
Heap after GC invocations=19 (full 3):
 PSYoungGen      total 395264K, used 19701K [0x00000000d5580000, 0x00000000ef280000, 0x0000000100000000)
  eden space 373760K, 0% used [0x00000000d5580000,0x00000000d5580000,0x00000000ec280000)
  from space 21504K, 91% used [0x00000000edd80000,0x00000000ef0bd7e0,0x00000000ef280000)
  to   space 24576K, 0% used [0x00000000ec280000,0x00000000ec280000,0x00000000eda80000)
 ParOldGen       total 106496K, used 53913K [0x0000000080000000, 0x0000000086800000, 0x00000000d5580000)
  object space 106496K, 50% used [0x0000000080000000,0x00000000834a66b0,0x0000000086800000)
 Metaspace       used 93997K, capacity 98370K, committed 98496K, reserved 1134592K
  class space    used 12593K, capacity 13537K, committed 13568K, reserved 1048576K
}
Event: 983.848 GC heap before
{Heap before GC invocations=20 (full 4):
 PSYoungGen      total 395264K, used 19701K [0x00000000d5580000, 0x00000000ef280000, 0x0000000100000000)
  eden space 373760K, 0% used [0x00000000d5580000,0x00000000d5580000,0x00000000ec280000)
  from space 21504K, 91% used [0x00000000edd80000,0x00000000ef0bd7e0,0x00000000ef280000)
  to   space 24576K, 0% used [0x00000000ec280000,0x00000000ec280000,0x00000000eda80000)
 ParOldGen       total 106496K, used 53913K [0x0000000080000000, 0x0000000086800000, 0x00000000d5580000)
  object space 106496K, 50% used [0x0000000080000000,0x00000000834a66b0,0x0000000086800000)
 Metaspace       used 93997K, capacity 98370K, committed 98496K, reserved 1134592K
  class space    used 12593K, capacity 13537K, committed 13568K, reserved 1048576K
Event: 984.288 GC heap after
Heap after GC invocations=20 (full 4):
 PSYoungGen      total 395264K, used 0K [0x00000000d5580000, 0x00000000ef280000, 0x0000000100000000)
  eden space 373760K, 0% used [0x00000000d5580000,0x00000000d5580000,0x00000000ec280000)
  from space 21504K, 0% used [0x00000000edd80000,0x00000000edd80000,0x00000000ef280000)
  to   space 24576K, 0% used [0x00000000ec280000,0x00000000ec280000,0x00000000eda80000)
 ParOldGen       total 163328K, used 63166K [0x0000000080000000, 0x0000000089f80000, 0x00000000d5580000)
  object space 163328K, 38% used [0x0000000080000000,0x0000000083dafbb8,0x0000000089f80000)
 Metaspace       used 93847K, capacity 97918K, committed 98496K, reserved 1134592K
  class space    used 12543K, capacity 13451K, committed 13568K, reserved 1048576K
}
Event: 3722.547 GC heap before
{Heap before GC invocations=21 (full 4):
 PSYoungGen      total 395264K, used 373760K [0x00000000d5580000, 0x00000000ef280000, 0x0000000100000000)
  eden space 373760K, 100% used [0x00000000d5580000,0x00000000ec280000,0x00000000ec280000)
  from space 21504K, 0% used [0x00000000edd80000,0x00000000edd80000,0x00000000ef280000)
  to   space 24576K, 0% used [0x00000000ec280000,0x00000000ec280000,0x00000000eda80000)
 ParOldGen       total 163328K, used 63166K [0x0000000080000000, 0x0000000089f80000, 0x00000000d5580000)
  object space 163328K, 38% used [0x0000000080000000,0x0000000083dafbb8,0x0000000089f80000)
 Metaspace       used 107605K, capacity 113264K, committed 113344K, reserved 1146880K
  class space    used 14468K, capacity 15580K, committed 15616K, reserved 1048576K
Event: 3722.758 GC heap after
Heap after GC invocations=21 (full 4):
 PSYoungGen      total 398336K, used 23253K [0x00000000d5580000, 0x00000000f3380000, 0x0000000100000000)
  eden space 373760K, 0% used [0x00000000d5580000,0x00000000d5580000,0x00000000ec280000)
  from space 24576K, 94% used [0x00000000ec280000,0x00000000ed935678,0x00000000eda80000)
  to   space 27648K, 0% used [0x00000000f1880000,0x00000000f1880000,0x00000000f3380000)
 ParOldGen       total 163328K, used 63182K [0x0000000080000000, 0x0000000089f80000, 0x00000000d5580000)
  object space 163328K, 38% used [0x0000000080000000,0x0000000083db3bb8,0x0000000089f80000)
 Metaspace       used 107605K, capacity 113264K, committed 113344K, reserved 1146880K
  class space    used 14468K, capacity 15580K, committed 15616K, reserved 1048576K
}
Event: 3911.391 GC heap before
{Heap before GC invocations=22 (full 4):
 PSYoungGen      total 398336K, used 397013K [0x00000000d5580000, 0x00000000f3380000, 0x0000000100000000)
  eden space 373760K, 100% used [0x00000000d5580000,0x00000000ec280000,0x00000000ec280000)
  from space 24576K, 94% used [0x00000000ec280000,0x00000000ed935678,0x00000000eda80000)
  to   space 27648K, 0% used [0x00000000f1880000,0x00000000f1880000,0x00000000f3380000)
 ParOldGen       total 163328K, used 63182K [0x0000000080000000, 0x0000000089f80000, 0x00000000d5580000)
  object space 163328K, 38% used [0x0000000080000000,0x0000000083db3bb8,0x0000000089f80000)
 Metaspace       used 108964K, capacity 114922K, committed 115008K, reserved 1148928K
  class space    used 14533K, capacity 15721K, committed 15744K, reserved 1048576K
Event: 3911.434 GC heap after
Heap after GC invocations=22 (full 4):
 PSYoungGen      total 448512K, used 23896K [0x00000000d5580000, 0x00000000f3000000, 0x0000000100000000)
  eden space 424448K, 0% used [0x00000000d5580000,0x00000000d5580000,0x00000000ef400000)
  from space 24064K, 99% used [0x00000000f1880000,0x00000000f2fd61a0,0x00000000f3000000)
  to   space 30208K, 0% used [0x00000000ef500000,0x00000000ef500000,0x00000000f1280000)
 ParOldGen       total 163328K, used 63190K [0x0000000080000000, 0x0000000089f80000, 0x00000000d5580000)
  object space 163328K, 38% used [0x0000000080000000,0x0000000083db5bb8,0x0000000089f80000)
 Metaspace       used 108964K, capacity 114922K, committed 115008K, reserved 1148928K
  class space    used 14533K, capacity 15721K, committed 15744K, reserved 1048576K
}
Event: 6249.606 GC heap before
{Heap before GC invocations=23 (full 4):
 PSYoungGen      total 448512K, used 448344K [0x00000000d5580000, 0x00000000f3000000, 0x0000000100000000)
  eden space 424448K, 100% used [0x00000000d5580000,0x00000000ef400000,0x00000000ef400000)
  from space 24064K, 99% used [0x00000000f1880000,0x00000000f2fd61a0,0x00000000f3000000)
  to   space 30208K, 0% used [0x00000000ef500000,0x00000000ef500000,0x00000000f1280000)
 ParOldGen       total 163328K, used 63190K [0x0000000080000000, 0x0000000089f80000, 0x00000000d5580000)
  object space 163328K, 38% used [0x0000000080000000,0x0000000083db5bb8,0x0000000089f80000)
 Metaspace       used 110049K, capacity 116528K, committed 116672K, reserved 1150976K
  class space    used 14621K, capacity 15866K, committed 15872K, reserved 1048576K
Event: 6249.819 GC heap after
Heap after GC invocations=23 (full 4):
 PSYoungGen      total 455680K, used 19038K [0x00000000d5580000, 0x00000000f5e00000, 0x0000000100000000)
  eden space 425472K, 0% used [0x00000000d5580000,0x00000000d5580000,0x00000000ef500000)
  from space 30208K, 63% used [0x00000000ef500000,0x00000000f0797b08,0x00000000f1280000)
  to   space 30720K, 0% used [0x00000000f4000000,0x00000000f4000000,0x00000000f5e00000)
 ParOldGen       total 163328K, used 63198K [0x0000000080000000, 0x0000000089f80000, 0x00000000d5580000)
  object space 163328K, 38% used [0x0000000080000000,0x0000000083db7bb8,0x0000000089f80000)
 Metaspace       used 110049K, capacity 116528K, committed 116672K, reserved 1150976K
  class space    used 14621K, capacity 15866K, committed 15872K, reserved 1048576K
}

